<?xml version="1.0" encoding="UTF-8"?>
<!-- Generated by org.testng.reporters.JUnitReportReporter -->
<testsuite hostname="COL-LT-231114C" failures="0" tests="2" name="com.amazon.testclases.AmazonTests" time="29.254" errors="0" timestamp="2024-04-17T12:46:38 COT" skipped="0">
  <testcase classname="com.amazon.testclases.AmazonTests" name="searchProductBySuggestion" time="15.476"/>
  <testcase classname="com.amazon.testclases.AmazonTests" name="searchProductByButton" time="13.778"/>
</testsuite> <!-- com.amazon.testclases.AmazonTests -->
