<?xml version="1.0" encoding="UTF-8"?>
<!-- Generated by org.testng.reporters.JUnitReportReporter -->
<testsuite hostname="COL-LT-231114C" failures="0" tests="2" name="com.amazon.testclases.AmazonTests" time="26.066" errors="0" timestamp="2024-04-10T11:58:07 COT" skipped="0">
  <testcase classname="com.amazon.testclases.AmazonTests" name="searchProductBySuggestion" time="15.198"/>
  <testcase classname="com.amazon.testclases.AmazonTests" name="searchProductByButton" time="10.868"/>
</testsuite> <!-- com.amazon.testclases.AmazonTests -->
