<?xml version="1.0" encoding="UTF-8"?>
<!-- Generated by org.testng.reporters.JUnitReportReporter -->
<testsuite hostname="COL-LT-231114C" failures="0" tests="1" name="com.amazon.testclases.AmazonTests" time="11.116" errors="0" timestamp="2024-04-23T13:09:50 COT" skipped="0">
  <testcase classname="com.amazon.testclases.AmazonTests" name="hamburgerTest" time="11.116"/>
</testsuite> <!-- com.amazon.testclases.AmazonTests -->
